c:\users\adam yu\documents\github\bridge\bridge v2\bridge v2\debug\bridge v2.pch
c:\users\adam yu\documents\github\bridge\bridge v2\bridge v2\debug\vc140.pdb
c:\users\adam yu\documents\github\bridge\bridge v2\bridge v2\debug\vc140.idb
c:\users\adam yu\documents\github\bridge\bridge v2\bridge v2\debug\stdafx.obj
c:\users\adam yu\documents\github\bridge\bridge v2\bridge v2\debug\bid.obj
c:\users\adam yu\documents\github\bridge\bridge v2\bridge v2\debug\card.obj
c:\users\adam yu\documents\github\bridge\bridge v2\bridge v2\debug\player.obj
c:\users\adam yu\documents\github\bridge\bridge v2\bridge v2\debug\translate.obj
c:\users\adam yu\documents\github\bridge\bridge v2\bridge v2\debug\bridge v2.obj
c:\users\adam yu\documents\github\bridge\bridge v2\debug\bridge v2.ilk
c:\users\adam yu\documents\github\bridge\bridge v2\debug\bridge v2.exe
c:\users\adam yu\documents\github\bridge\bridge v2\debug\bridge v2.pdb
c:\users\adam yu\documents\github\bridge\bridge v2\bridge v2\debug\bridge v2.obj.enc
c:\users\adam yu\documents\github\bridge\bridge v2\bridge v2\debug\translate.obj.enc
c:\users\adam yu\documents\github\bridge\bridge v2\bridge v2\debug\bridge v2.tlog\cl.command.1.tlog
c:\users\adam yu\documents\github\bridge\bridge v2\bridge v2\debug\bridge v2.tlog\cl.read.1.tlog
c:\users\adam yu\documents\github\bridge\bridge v2\bridge v2\debug\bridge v2.tlog\cl.write.1.tlog
c:\users\adam yu\documents\github\bridge\bridge v2\bridge v2\debug\bridge v2.tlog\link.command.1.tlog
c:\users\adam yu\documents\github\bridge\bridge v2\bridge v2\debug\bridge v2.tlog\link.read.1.tlog
c:\users\adam yu\documents\github\bridge\bridge v2\bridge v2\debug\bridge v2.tlog\link.write.1.tlog
